The system is: Windows - 10.0.19044 - AMD64
Compiling the C compiler identification source file "CMakeCCompilerId.c" succeeded.
Compiler: C:/Program Files/Microsoft Visual Studio/2022/Community/VC/Tools/MSVC/14.34.31933/bin/Hostx64/x64/cl.exe 
Build flags: 
Id flags:  

The output was:
0
Microsoft (R) C/C++ Optimizing Compiler Version 19.34.31937 for x64
Copyright (C) Microsoft Corporation.  All rights reserved.

CMakeCCompilerId.c
Microsoft (R) Incremental Linker Version 14.34.31937.0
Copyright (C) Microsoft Corporation.  All rights reserved.

/out:CMakeCCompilerId.exe 
CMakeCCompilerId.obj 


Compilation of the C compiler identification source "CMakeCCompilerId.c" produced "CMakeCCompilerId.exe"

Compilation of the C compiler identification source "CMakeCCompilerId.c" produced "CMakeCCompilerId.obj"

The C compiler identification is MSVC, found in "C:/Users/Kyle/Dropbox/My PC (DESKTOP-FKBGLVA)/Documents/Mods Not In Use/PyBinds/glibby/PythonBindingsWorking/cmake_example/out/build/x64-Debug/CMakeFiles/3.24.202208181-MSVC_2/CompilerIdC/CMakeCCompilerId.exe"

Compiling the CXX compiler identification source file "CMakeCXXCompilerId.cpp" succeeded.
Compiler: C:/Program Files/Microsoft Visual Studio/2022/Community/VC/Tools/MSVC/14.34.31933/bin/Hostx64/x64/cl.exe 
Build flags: 
Id flags:  

The output was:
0
Microsoft (R) C/C++ Optimizing Compiler Version 19.34.31937 for x64
Copyright (C) Microsoft Corporation.  All rights reserved.

CMakeCXXCompilerId.cpp
Microsoft (R) Incremental Linker Version 14.34.31937.0
Copyright (C) Microsoft Corporation.  All rights reserved.

/out:CMakeCXXCompilerId.exe 
CMakeCXXCompilerId.obj 


Compilation of the CXX compiler identification source "CMakeCXXCompilerId.cpp" produced "CMakeCXXCompilerId.exe"

Compilation of the CXX compiler identification source "CMakeCXXCompilerId.cpp" produced "CMakeCXXCompilerId.obj"

The CXX compiler identification is MSVC, found in "C:/Users/Kyle/Dropbox/My PC (DESKTOP-FKBGLVA)/Documents/Mods Not In Use/PyBinds/glibby/PythonBindingsWorking/cmake_example/out/build/x64-Debug/CMakeFiles/3.24.202208181-MSVC_2/CompilerIdCXX/CMakeCXXCompilerId.exe"

Detecting C compiler ABI info compiled with the following output:
Change Dir: C:/Users/Kyle/Dropbox/My PC (DESKTOP-FKBGLVA)/Documents/Mods Not In Use/PyBinds/glibby/PythonBindingsWorking/cmake_example/out/build/x64-Debug/CMakeFiles/CMakeTmp

Run Build Command(s):C:/Program Files/Microsoft Visual Studio/2022/Community/Common7/IDE/CommonExtensions/Microsoft/CMake/Ninja/ninja.exe cmTC_0a128 && [1/2] Building C object CMakeFiles\cmTC_0a128.dir\CMakeCCompilerABI.c.obj
[2/2] Linking C executable cmTC_0a128.exe



Detecting CXX compiler ABI info compiled with the following output:
Change Dir: C:/Users/Kyle/Dropbox/My PC (DESKTOP-FKBGLVA)/Documents/Mods Not In Use/PyBinds/glibby/PythonBindingsWorking/cmake_example/out/build/x64-Debug/CMakeFiles/CMakeTmp

Run Build Command(s):C:/Program Files/Microsoft Visual Studio/2022/Community/Common7/IDE/CommonExtensions/Microsoft/CMake/Ninja/ninja.exe cmTC_0db40 && [1/2] Building CXX object CMakeFiles\cmTC_0db40.dir\CMakeCXXCompilerABI.cpp.obj
[2/2] Linking CXX executable cmTC_0db40.exe



Performing C++ SOURCE FILE Test HAS_MSVC_GL_LTCG succeeded with the following output:
Change Dir: C:/Users/Kyle/Dropbox/My PC (DESKTOP-FKBGLVA)/Documents/Mods Not In Use/PyBinds/glibby/PythonBindingsWorking/cmake_example/out/build/x64-Debug/CMakeFiles/CMakeTmp

Run Build Command(s):C:/Program Files/Microsoft Visual Studio/2022/Community/Common7/IDE/CommonExtensions/Microsoft/CMake/Ninja/ninja.exe cmTC_3ec3f && [1/2] Building CXX object CMakeFiles\cmTC_3ec3f.dir\src.cxx.obj
[2/2] Linking CXX executable cmTC_3ec3f.exe


Source file was:
int main() { return 0; }
